Input Notebook:  Final_Project_Adam_Friday.ipynb
Output Notebook: final_out.ipynb
Executing:   0%|          | 0/11 [00:00<?, ?cell/s]Executing notebook with kernel: python3
2024-12-02 10:33:48.923820: E external/local_xla/xla/stream_executor/cuda/cuda_fft.cc:485] Unable to register cuFFT factory: Attempting to register factory for plugin cuFFT when one has already been registered
2024-12-02 10:33:49.045274: E external/local_xla/xla/stream_executor/cuda/cuda_dnn.cc:8454] Unable to register cuDNN factory: Attempting to register factory for plugin cuDNN when one has already been registered
2024-12-02 10:33:49.081166: E external/local_xla/xla/stream_executor/cuda/cuda_blas.cc:1452] Unable to register cuBLAS factory: Attempting to register factory for plugin cuBLAS when one has already been registered
2024-12-02 10:33:49.330907: I tensorflow/core/platform/cpu_feature_guard.cc:210] This TensorFlow binary is optimized to use available CPU instructions in performance-critical operations.
To enable the following instructions: AVX2 AVX512F FMA, in other operations, rebuild TensorFlow with the appropriate compiler flags.
2024-12-02 10:33:51.882246: W tensorflow/compiler/tf2tensorrt/utils/py_utils.cc:38] TF-TRT Warning: Could not find TensorRT
Executing:   9%|▉         | 1/11 [00:11<01:56, 11.67s/cell]Kernel died while waiting for execute reply.
Executing:  18%|█▊        | 2/11 [00:28<02:13, 14.80s/cell]Executing:  18%|█▊        | 2/11 [00:28<02:08, 14.33s/cell]
Traceback (most recent call last):
  File "/home/abedel/.conda/envs/tfgpu/lib/python3.11/site-packages/papermill/cli.py", line 235, in papermill
    execute_notebook(
  File "/home/abedel/.conda/envs/tfgpu/lib/python3.11/site-packages/papermill/execute.py", line 116, in execute_notebook
    nb = papermill_engines.execute_notebook_with_engine(
         ^^^^^^^^^^^^^^^^^^^^^^^^^^^^^^^^^^^^^^^^^^^^^^^
  File "/home/abedel/.conda/envs/tfgpu/lib/python3.11/site-packages/papermill/engines.py", line 48, in execute_notebook_with_engine
    return self.get_engine(engine_name).execute_notebook(nb, kernel_name, **kwargs)
           ^^^^^^^^^^^^^^^^^^^^^^^^^^^^^^^^^^^^^^^^^^^^^^^^^^^^^^^^^^^^^^^^^^^^^^^^
  File "/home/abedel/.conda/envs/tfgpu/lib/python3.11/site-packages/papermill/engines.py", line 370, in execute_notebook
    cls.execute_managed_notebook(nb_man, kernel_name, log_output=log_output, **kwargs)
  File "/home/abedel/.conda/envs/tfgpu/lib/python3.11/site-packages/papermill/engines.py", line 442, in execute_managed_notebook
    return PapermillNotebookClient(nb_man, **final_kwargs).execute()
           ^^^^^^^^^^^^^^^^^^^^^^^^^^^^^^^^^^^^^^^^^^^^^^^^^^^^^^^^^
  File "/home/abedel/.conda/envs/tfgpu/lib/python3.11/site-packages/papermill/clientwrap.py", line 45, in execute
    self.papermill_execute_cells()
  File "/home/abedel/.conda/envs/tfgpu/lib/python3.11/site-packages/papermill/clientwrap.py", line 72, in papermill_execute_cells
    self.execute_cell(cell, index)
  File "/home/abedel/.conda/envs/tfgpu/lib/python3.11/site-packages/jupyter_core/utils/__init__.py", line 165, in wrapped
    return loop.run_until_complete(inner)
           ^^^^^^^^^^^^^^^^^^^^^^^^^^^^^^
  File "/home/abedel/.conda/envs/tfgpu/lib/python3.11/asyncio/base_events.py", line 654, in run_until_complete
    return future.result()
           ^^^^^^^^^^^^^^^
  File "/home/abedel/.conda/envs/tfgpu/lib/python3.11/site-packages/nbclient/client.py", line 1009, in async_execute_cell
    raise DeadKernelError("Kernel died") from None
nbclient.exceptions.DeadKernelError: Kernel died
/var/spool/slurmd.spool/job17616499/slurm_script: line 19: unexpected EOF while looking for matching `"'
/var/spool/slurmd.spool/job17616499/slurm_script: line 20: syntax error: unexpected end of file
slurmstepd: error: Detected 1 oom_kill event in StepId=17616499.batch. Some of the step tasks have been OOM Killed.
