Input Notebook:  abedel_lab8.ipynb
Output Notebook: abedel_lab8_out.ipynb
Executing:   0%|          | 0/28 [00:00<?, ?cell/s]Executing notebook with kernel: python3
Executing:   4%|▎         | 1/28 [00:02<01:18,  2.93s/cell]Executing:  18%|█▊        | 5/28 [00:03<00:10,  2.16cell/s]Executing:  36%|███▌      | 10/28 [00:11<00:20,  1.16s/cell]Executing:  43%|████▎     | 12/28 [00:26<00:44,  2.79s/cell]Executing:  46%|████▋     | 13/28 [00:26<00:36,  2.41s/cell]Executing:  54%|█████▎    | 15/28 [00:27<00:23,  1.82s/cell]Kernel died while waiting for execute reply.
Executing:  61%|██████    | 17/28 [1:56:10<3:14:04, 1058.62s/cell]Executing:  61%|██████    | 17/28 [1:56:10<1:15:10, 410.03s/cell] 
Traceback (most recent call last):
  File "/home/abedel/.conda/envs/pymaise/lib/python3.11/site-packages/papermill/cli.py", line 235, in papermill
    execute_notebook(
  File "/home/abedel/.conda/envs/pymaise/lib/python3.11/site-packages/papermill/execute.py", line 116, in execute_notebook
    nb = papermill_engines.execute_notebook_with_engine(
         ^^^^^^^^^^^^^^^^^^^^^^^^^^^^^^^^^^^^^^^^^^^^^^^
  File "/home/abedel/.conda/envs/pymaise/lib/python3.11/site-packages/papermill/engines.py", line 48, in execute_notebook_with_engine
    return self.get_engine(engine_name).execute_notebook(nb, kernel_name, **kwargs)
           ^^^^^^^^^^^^^^^^^^^^^^^^^^^^^^^^^^^^^^^^^^^^^^^^^^^^^^^^^^^^^^^^^^^^^^^^
  File "/home/abedel/.conda/envs/pymaise/lib/python3.11/site-packages/papermill/engines.py", line 370, in execute_notebook
    cls.execute_managed_notebook(nb_man, kernel_name, log_output=log_output, **kwargs)
  File "/home/abedel/.conda/envs/pymaise/lib/python3.11/site-packages/papermill/engines.py", line 442, in execute_managed_notebook
    return PapermillNotebookClient(nb_man, **final_kwargs).execute()
           ^^^^^^^^^^^^^^^^^^^^^^^^^^^^^^^^^^^^^^^^^^^^^^^^^^^^^^^^^
  File "/home/abedel/.conda/envs/pymaise/lib/python3.11/site-packages/papermill/clientwrap.py", line 45, in execute
    self.papermill_execute_cells()
  File "/home/abedel/.conda/envs/pymaise/lib/python3.11/site-packages/papermill/clientwrap.py", line 72, in papermill_execute_cells
    self.execute_cell(cell, index)
  File "/home/abedel/.conda/envs/pymaise/lib/python3.11/site-packages/jupyter_core/utils/__init__.py", line 165, in wrapped
    return loop.run_until_complete(inner)
           ^^^^^^^^^^^^^^^^^^^^^^^^^^^^^^
  File "/home/abedel/.conda/envs/pymaise/lib/python3.11/asyncio/base_events.py", line 654, in run_until_complete
    return future.result()
           ^^^^^^^^^^^^^^^
  File "/home/abedel/.conda/envs/pymaise/lib/python3.11/site-packages/nbclient/client.py", line 1009, in async_execute_cell
    raise DeadKernelError("Kernel died") from None
nbclient.exceptions.DeadKernelError: Kernel died
/var/spool/slurmd.spool/job16088334/slurm_script: line 19: unexpected EOF while looking for matching `"'
/var/spool/slurmd.spool/job16088334/slurm_script: line 20: syntax error: unexpected end of file
slurmstepd: error: Detected 1 oom_kill event in StepId=16088334.batch. Some of the step tasks have been OOM Killed.
